(0000) 3000  0011000000000000 (  15)                 .ORIG x3000
(3000) 2230  0010001000110000 (  17)                 LD    R1 TRAPCODE
(3001) 2430  0010010000110000 (  18)                 LD    R2 TRAPLOC
(3002) 7280  0111001010000000 (  20)                 STR   R1 R2 #0
(3003) 2230  0010001000110000 (  22)                 LD    R1 INTERUPT
(3004) 242E  0010010000101110 (  23)                 LD    R2 KEYLOC
(3005) 7280  0111001010000000 (  25)                 STR   R1 R2 #0
(3006) 2C2E  0010110000101110 (  27)                 LD    R6 STACKPTR
(3007) F026  1111000000100110 (  29) LOOP            TRAP  x26
(3008) F021  1111000000100001 (  30)                 TRAP  x21
(3009) F026  1111000000100110 (  31)                 TRAP  x26
(300A) F021  1111000000100001 (  32)                 TRAP  x21
(300B) F026  1111000000100110 (  33)                 TRAP  x26
(300C) F021  1111000000100001 (  34)                 TRAP  x21
(300D) F026  1111000000100110 (  35)                 TRAP  x26
(300E) F021  1111000000100001 (  36)                 TRAP  x21
(300F) F026  1111000000100110 (  37)                 TRAP  x26
(3010) F021  1111000000100001 (  38)                 TRAP  x21
(3011) E002  1110000000000010 (  39)                 LEA   R0 END_MSG
(3012) F022  1111000000100010 (  40)                 TRAP  x22
(3013) 0FF3  0000111111110011 (  41)                 BRNZP LOOP
(3014) 000A  0000000000001010 (  43) END_MSG         .FILL x000A
(3015) 0053  0000000001010011 (  43)                 .FILL x0053
(3016) 0075  0000000001110101 (  43)                 .FILL x0075
(3017) 0063  0000000001100011 (  43)                 .FILL x0063
(3018) 0063  0000000001100011 (  43)                 .FILL x0063
(3019) 0065  0000000001100101 (  43)                 .FILL x0065
(301A) 0073  0000000001110011 (  43)                 .FILL x0073
(301B) 0073  0000000001110011 (  43)                 .FILL x0073
(301C) 0021  0000000000100001 (  43)                 .FILL x0021
(301D) 0020  0000000000100000 (  43)                 .FILL x0020
(301E) 0020  0000000000100000 (  43)                 .FILL x0020
(301F) 0052  0000000001010010 (  43)                 .FILL x0052
(3020) 0075  0000000001110101 (  43)                 .FILL x0075
(3021) 006E  0000000001101110 (  43)                 .FILL x006E
(3022) 006E  0000000001101110 (  43)                 .FILL x006E
(3023) 0069  0000000001101001 (  43)                 .FILL x0069
(3024) 006E  0000000001101110 (  43)                 .FILL x006E
(3025) 0067  0000000001100111 (  43)                 .FILL x0067
(3026) 0020  0000000000100000 (  43)                 .FILL x0020
(3027) 0061  0000000001100001 (  43)                 .FILL x0061
(3028) 0067  0000000001100111 (  43)                 .FILL x0067
(3029) 0061  0000000001100001 (  43)                 .FILL x0061
(302A) 0069  0000000001101001 (  43)                 .FILL x0069
(302B) 006E  0000000001101110 (  43)                 .FILL x006E
(302C) 002E  0000000000101110 (  43)                 .FILL x002E
(302D) 002E  0000000000101110 (  43)                 .FILL x002E
(302E) 002E  0000000000101110 (  43)                 .FILL x002E
(302F) 000A  0000000000001010 (  43)                 .FILL x000A
(3030) 0000  0000000000000000 (  43)                 .FILL x0000
(3031) 3300  0011001100000000 (  45) TRAPCODE        .FILL x3300
(3032) 0026  0000000000100110 (  46) TRAPLOC         .FILL x0026
(3033) 0180  0000000110000000 (  47) KEYLOC          .FILL x0180
(3034) 3500  0011010100000000 (  48) INTERUPT        .FILL x3500
(3035) 3000  0011000000000000 (  49) STACKPTR        .FILL x3000
