(0000) 3300  0011001100000000 (   9)                 .ORIG x3300
(3300) 1DBE  0001110110111110 (  11)                 ADD   R6 R6 #-2
(3301) 7F80  0111111110000000 (  12)                 STR   R7 R6 #0
(3302) 1DBF  0001110110111111 (  13)                 ADD   R6 R6 #-1
(3303) 7B80  0111101110000000 (  14)                 STR   R5 R6 #0
(3304) 1BBF  0001101110111111 (  18)                 ADD   R5 R6 #-1
(3305) 1DBF  0001110110111111 (  20)                 ADD   R6 R6 #-1
(3306) 6544  0110010101000100 (  27)                 LDR   R2 R5 #4
(3307) 6480  0110010010000000 (  28)                 LDR   R2 R2 #0
(3308) 14A0  0001010010100000 (  29)                 ADD   R2 R2 #0
(3309) 0418  0000010000011000 (  30)                 BRZ   FINISH
(330A) 6745  0110011101000101 (  37)                 LDR   R3 R5 #5
(330B) 96FF  1001011011111111 (  38)                 NOT   R3 R3
(330C) 16E1  0001011011100001 (  39)                 ADD   R3 R3 #1
(330D) 16C2  0001011011000010 (  40)                 ADD   R3 R3 R2
(330E) 0402  0000010000000010 (  44)                 BRZ   INCRE
(330F) 5260  0101001001100000 (  49)                 AND   R1 R1 #0
(3310) 0E02  0000111000000010 (  50)                 BRNZP AGAIN
(3311) 2219  0010001000011001 (  54) INCRE           LD    R1 ONE
(3312) 7380  0111001110000000 (  55)                 STR   R1 R6 #0
(3313) 5260  0101001001100000 (  57) AGAIN           AND   R1 R1 #0
(3314) 6345  0110001101000101 (  58)                 LDR   R1 R5 #5
(3315) 1DBF  0001110110111111 (  59)                 ADD   R6 R6 #-1
(3316) 7380  0111001110000000 (  60)                 STR   R1 R6 #0
(3317) 1DBF  0001110110111111 (  62)                 ADD   R6 R6 #-1
(3318) 6344  0110001101000100 (  63)                 LDR   R1 R5 #4
(3319) 1261  0001001001100001 (  64)                 ADD   R1 R1 #1
(331A) 7380  0111001110000000 (  65)                 STR   R1 R6 #0
(331B) 200E  0010000000001110 (  67)                 LD    R0 CHAR_COUNT
(331C) 4000  0100000000000000 (  68)                 JSRR  R0
(331D) 6180  0110000110000000 (  72)                 LDR   R0 R6 #0
(331E) 6340  0110001101000000 (  73)                 LDR   R1 R5 #0
(331F) 1201  0001001000000001 (  74)                 ADD   R1 R0 R1
(3320) 7340  0111001101000000 (  75)                 STR   R1 R5 #0
(3321) 1DA3  0001110110100011 (  76)                 ADD   R6 R6 #3
(3322) 6340  0110001101000000 (  83) FINISH          LDR   R1 R5 #0
(3323) 7343  0111001101000011 (  84)                 STR   R1 R5 #3
(3324) 1DA1  0001110110100001 (  86)                 ADD   R6 R6 #1
(3325) 6B80  0110101110000000 (  88)                 LDR   R5 R6 #0
(3326) 1DA1  0001110110100001 (  89)                 ADD   R6 R6 #1
(3327) 6F80  0110111110000000 (  91)                 LDR   R7 R6 #0
(3328) 1DA1  0001110110100001 (  92)                 ADD   R6 R6 #1
(3329) C1C0  1100000111000000 (  94)                 RET   
(332A) 3300  0011001100000000 (  96) CHAR_COUNT      .FILL x3300
(332B) 0001  0000000000000001 (  97) ONE             .FILL x0001
