(0000) 3300  0011001100000000 (   6)                 .ORIG x3300
(3300) 000A  0000000000001010 (  10) Q1              .FILL x000A
(3301) 0057  0000000001010111 (  10)                 .FILL x0057
(3302) 0068  0000000001101000 (  10)                 .FILL x0068
(3303) 0069  0000000001101001 (  10)                 .FILL x0069
(3304) 0063  0000000001100011 (  10)                 .FILL x0063
(3305) 0068  0000000001101000 (  10)                 .FILL x0068
(3306) 0020  0000000000100000 (  10)                 .FILL x0020
(3307) 0069  0000000001101001 (  10)                 .FILL x0069
(3308) 0063  0000000001100011 (  10)                 .FILL x0063
(3309) 006F  0000000001101111 (  10)                 .FILL x006F
(330A) 006E  0000000001101110 (  10)                 .FILL x006E
(330B) 0069  0000000001101001 (  10)                 .FILL x0069
(330C) 0063  0000000001100011 (  10)                 .FILL x0063
(330D) 0020  0000000000100000 (  10)                 .FILL x0020
(330E) 006D  0000000001101101 (  10)                 .FILL x006D
(330F) 0065  0000000001100101 (  10)                 .FILL x0065
(3310) 006D  0000000001101101 (  10)                 .FILL x006D
(3311) 0065  0000000001100101 (  10)                 .FILL x0065
(3312) 0020  0000000000100000 (  10)                 .FILL x0020
(3313) 0072  0000000001110010 (  10)                 .FILL x0072
(3314) 0065  0000000001100101 (  10)                 .FILL x0065
(3315) 0073  0000000001110011 (  10)                 .FILL x0073
(3316) 006F  0000000001101111 (  10)                 .FILL x006F
(3317) 006E  0000000001101110 (  10)                 .FILL x006E
(3318) 0061  0000000001100001 (  10)                 .FILL x0061
(3319) 0074  0000000001110100 (  10)                 .FILL x0074
(331A) 0065  0000000001100101 (  10)                 .FILL x0065
(331B) 0073  0000000001110011 (  10)                 .FILL x0073
(331C) 0020  0000000000100000 (  10)                 .FILL x0020
(331D) 0077  0000000001110111 (  10)                 .FILL x0077
(331E) 0069  0000000001101001 (  10)                 .FILL x0069
(331F) 0074  0000000001110100 (  10)                 .FILL x0074
(3320) 0068  0000000001101000 (  10)                 .FILL x0068
(3321) 0020  0000000000100000 (  10)                 .FILL x0020
(3322) 0079  0000000001111001 (  10)                 .FILL x0079
(3323) 006F  0000000001101111 (  10)                 .FILL x006F
(3324) 0075  0000000001110101 (  10)                 .FILL x0075
(3325) 0020  0000000000100000 (  10)                 .FILL x0020
(3326) 0074  0000000001110100 (  10)                 .FILL x0074
(3327) 0068  0000000001101000 (  10)                 .FILL x0068
(3328) 0065  0000000001100101 (  10)                 .FILL x0065
(3329) 0020  0000000000100000 (  10)                 .FILL x0020
(332A) 006D  0000000001101101 (  10)                 .FILL x006D
(332B) 006F  0000000001101111 (  10)                 .FILL x006F
(332C) 0073  0000000001110011 (  10)                 .FILL x0073
(332D) 0074  0000000001110100 (  10)                 .FILL x0074
(332E) 003F  0000000000111111 (  10)                 .FILL x003F
(332F) 000A  0000000000001010 (  10)                 .FILL x000A
(3330) 0020  0000000000100000 (  10)                 .FILL x0020
(3331) 0009  0000000000001001 (  10)                 .FILL x0009
(3332) 0031  0000000000110001 (  10)                 .FILL x0031
(3333) 0020  0000000000100000 (  10)                 .FILL x0020
(3334) 002D  0000000000101101 (  10)                 .FILL x002D
(3335) 0020  0000000000100000 (  10)                 .FILL x0020
(3336) 0047  0000000001000111 (  10)                 .FILL x0047
(3337) 0072  0000000001110010 (  10)                 .FILL x0072
(3338) 0075  0000000001110101 (  10)                 .FILL x0075
(3339) 006D  0000000001101101 (  10)                 .FILL x006D
(333A) 0070  0000000001110000 (  10)                 .FILL x0070
(333B) 0079  0000000001111001 (  10)                 .FILL x0079
(333C) 0020  0000000000100000 (  10)                 .FILL x0020
(333D) 0043  0000000001000011 (  10)                 .FILL x0043
(333E) 0061  0000000001100001 (  10)                 .FILL x0061
(333F) 0074  0000000001110100 (  10)                 .FILL x0074
(3340) 000A  0000000000001010 (  10)                 .FILL x000A
(3341) 0020  0000000000100000 (  10)                 .FILL x0020
(3342) 0009  0000000000001001 (  10)                 .FILL x0009
(3343) 0032  0000000000110010 (  10)                 .FILL x0032
(3344) 0020  0000000000100000 (  10)                 .FILL x0020
(3345) 002D  0000000000101101 (  10)                 .FILL x002D
(3346) 0020  0000000000100000 (  10)                 .FILL x0020
(3347) 0050  0000000001010000 (  10)                 .FILL x0050
(3348) 0068  0000000001101000 (  10)                 .FILL x0068
(3349) 0069  0000000001101001 (  10)                 .FILL x0069
(334A) 006C  0000000001101100 (  10)                 .FILL x006C
(334B) 006F  0000000001101111 (  10)                 .FILL x006F
(334C) 0073  0000000001110011 (  10)                 .FILL x0073
(334D) 006F  0000000001101111 (  10)                 .FILL x006F
(334E) 0072  0000000001110010 (  10)                 .FILL x0072
(334F) 0061  0000000001100001 (  10)                 .FILL x0061
(3350) 0070  0000000001110000 (  10)                 .FILL x0070
(3351) 0074  0000000001110100 (  10)                 .FILL x0074
(3352) 006F  0000000001101111 (  10)                 .FILL x006F
(3353) 0072  0000000001110010 (  10)                 .FILL x0072
(3354) 000A  0000000000001010 (  10)                 .FILL x000A
(3355) 0020  0000000000100000 (  10)                 .FILL x0020
(3356) 0009  0000000000001001 (  10)                 .FILL x0009
(3357) 0033  0000000000110011 (  10)                 .FILL x0033
(3358) 0020  0000000000100000 (  10)                 .FILL x0020
(3359) 002D  0000000000101101 (  10)                 .FILL x002D
(335A) 0020  0000000000100000 (  10)                 .FILL x0020
(335B) 0053  0000000001010011 (  10)                 .FILL x0053
(335C) 0075  0000000001110101 (  10)                 .FILL x0075
(335D) 0063  0000000001100011 (  10)                 .FILL x0063
(335E) 0063  0000000001100011 (  10)                 .FILL x0063
(335F) 0065  0000000001100101 (  10)                 .FILL x0065
(3360) 0073  0000000001110011 (  10)                 .FILL x0073
(3361) 0073  0000000001110011 (  10)                 .FILL x0073
(3362) 0020  0000000000100000 (  10)                 .FILL x0020
(3363) 004B  0000000001001011 (  10)                 .FILL x004B
(3364) 0069  0000000001101001 (  10)                 .FILL x0069
(3365) 0064  0000000001100100 (  10)                 .FILL x0064
(3366) 000A  0000000000001010 (  10)                 .FILL x000A
(3367) 0020  0000000000100000 (  10)                 .FILL x0020
(3368) 0009  0000000000001001 (  10)                 .FILL x0009
(3369) 0034  0000000000110100 (  10)                 .FILL x0034
(336A) 0020  0000000000100000 (  10)                 .FILL x0020
(336B) 002D  0000000000101101 (  10)                 .FILL x002D
(336C) 0020  0000000000100000 (  10)                 .FILL x0020
(336D) 0059  0000000001011001 (  10)                 .FILL x0059
(336E) 0020  0000000000100000 (  10)                 .FILL x0020
(336F) 0055  0000000001010101 (  10)                 .FILL x0055
(3370) 0020  0000000000100000 (  10)                 .FILL x0020
(3371) 004E  0000000001001110 (  10)                 .FILL x004E
(3372) 004F  0000000001001111 (  10)                 .FILL x004F
(3373) 000A  0000000000001010 (  10)                 .FILL x000A
(3374) 0000  0000000000000000 (  10)                 .FILL x0000
(3375) 0001  0000000000000001 (  11) Q1P             .FILL x0001
(3376) 0007  0000000000000111 (  12)                 .FILL x0007
(3377) 0003  0000000000000011 (  13)                 .FILL x0003
(3378) 000A  0000000000001010 (  14)                 .FILL x000A
(3379) 000A  0000000000001010 (  16) Q2              .FILL x000A
(337A) 0057  0000000001010111 (  16)                 .FILL x0057
(337B) 0068  0000000001101000 (  16)                 .FILL x0068
(337C) 0069  0000000001101001 (  16)                 .FILL x0069
(337D) 0063  0000000001100011 (  16)                 .FILL x0063
(337E) 0068  0000000001101000 (  16)                 .FILL x0068
(337F) 0020  0000000000100000 (  16)                 .FILL x0020
(3380) 006F  0000000001101111 (  16)                 .FILL x006F
(3381) 0066  0000000001100110 (  16)                 .FILL x0066
(3382) 0020  0000000000100000 (  16)                 .FILL x0020
(3383) 0074  0000000001110100 (  16)                 .FILL x0074
(3384) 0068  0000000001101000 (  16)                 .FILL x0068
(3385) 0065  0000000001100101 (  16)                 .FILL x0065
(3386) 0073  0000000001110011 (  16)                 .FILL x0073
(3387) 0065  0000000001100101 (  16)                 .FILL x0065
(3388) 0020  0000000000100000 (  16)                 .FILL x0020
(3389) 0066  0000000001100110 (  16)                 .FILL x0066
(338A) 006F  0000000001101111 (  16)                 .FILL x006F
(338B) 006F  0000000001101111 (  16)                 .FILL x006F
(338C) 0064  0000000001100100 (  16)                 .FILL x0064
(338D) 0073  0000000001110011 (  16)                 .FILL x0073
(338E) 0020  0000000000100000 (  16)                 .FILL x0020
(338F) 0064  0000000001100100 (  16)                 .FILL x0064
(3390) 006F  0000000001101111 (  16)                 .FILL x006F
(3391) 0020  0000000000100000 (  16)                 .FILL x0020
(3392) 0079  0000000001111001 (  16)                 .FILL x0079
(3393) 006F  0000000001101111 (  16)                 .FILL x006F
(3394) 0075  0000000001110101 (  16)                 .FILL x0075
(3395) 0020  0000000000100000 (  16)                 .FILL x0020
(3396) 0065  0000000001100101 (  16)                 .FILL x0065
(3397) 006E  0000000001101110 (  16)                 .FILL x006E
(3398) 006A  0000000001101010 (  16)                 .FILL x006A
(3399) 006F  0000000001101111 (  16)                 .FILL x006F
(339A) 0079  0000000001111001 (  16)                 .FILL x0079
(339B) 0020  0000000000100000 (  16)                 .FILL x0020
(339C) 0074  0000000001110100 (  16)                 .FILL x0074
(339D) 0068  0000000001101000 (  16)                 .FILL x0068
(339E) 0065  0000000001100101 (  16)                 .FILL x0065
(339F) 0020  0000000000100000 (  16)                 .FILL x0020
(33A0) 006D  0000000001101101 (  16)                 .FILL x006D
(33A1) 006F  0000000001101111 (  16)                 .FILL x006F
(33A2) 0073  0000000001110011 (  16)                 .FILL x0073
(33A3) 0074  0000000001110100 (  16)                 .FILL x0074
(33A4) 003F  0000000000111111 (  16)                 .FILL x003F
(33A5) 000A  0000000000001010 (  16)                 .FILL x000A
(33A6) 0020  0000000000100000 (  16)                 .FILL x0020
(33A7) 0009  0000000000001001 (  16)                 .FILL x0009
(33A8) 0031  0000000000110001 (  16)                 .FILL x0031
(33A9) 0020  0000000000100000 (  16)                 .FILL x0020
(33AA) 002D  0000000000101101 (  16)                 .FILL x002D
(33AB) 0020  0000000000100000 (  16)                 .FILL x0020
(33AC) 0045  0000000001000101 (  16)                 .FILL x0045
(33AD) 0078  0000000001111000 (  16)                 .FILL x0078
(33AE) 0074  0000000001110100 (  16)                 .FILL x0074
(33AF) 0072  0000000001110010 (  16)                 .FILL x0072
(33B0) 0065  0000000001100101 (  16)                 .FILL x0065
(33B1) 006D  0000000001101101 (  16)                 .FILL x006D
(33B2) 0065  0000000001100101 (  16)                 .FILL x0065
(33B3) 006C  0000000001101100 (  16)                 .FILL x006C
(33B4) 0079  0000000001111001 (  16)                 .FILL x0079
(33B5) 0020  0000000000100000 (  16)                 .FILL x0020
(33B6) 0048  0000000001001000 (  16)                 .FILL x0048
(33B7) 006F  0000000001101111 (  16)                 .FILL x006F
(33B8) 0074  0000000001110100 (  16)                 .FILL x0074
(33B9) 0020  0000000000100000 (  16)                 .FILL x0020
(33BA) 0057  0000000001010111 (  16)                 .FILL x0057
(33BB) 0069  0000000001101001 (  16)                 .FILL x0069
(33BC) 006E  0000000001101110 (  16)                 .FILL x006E
(33BD) 0067  0000000001100111 (  16)                 .FILL x0067
(33BE) 0073  0000000001110011 (  16)                 .FILL x0073
(33BF) 000A  0000000000001010 (  16)                 .FILL x000A
(33C0) 0020  0000000000100000 (  16)                 .FILL x0020
(33C1) 0009  0000000000001001 (  16)                 .FILL x0009
(33C2) 0032  0000000000110010 (  16)                 .FILL x0032
(33C3) 0020  0000000000100000 (  16)                 .FILL x0020
(33C4) 002D  0000000000101101 (  16)                 .FILL x002D
(33C5) 0020  0000000000100000 (  16)                 .FILL x0020
(33C6) 0044  0000000001000100 (  16)                 .FILL x0044
(33C7) 0075  0000000001110101 (  16)                 .FILL x0075
(33C8) 0072  0000000001110010 (  16)                 .FILL x0072
(33C9) 0069  0000000001101001 (  16)                 .FILL x0069
(33CA) 0061  0000000001100001 (  16)                 .FILL x0061
(33CB) 006E  0000000001101110 (  16)                 .FILL x006E
(33CC) 000A  0000000000001010 (  16)                 .FILL x000A
(33CD) 0020  0000000000100000 (  16)                 .FILL x0020
(33CE) 0009  0000000000001001 (  16)                 .FILL x0009
(33CF) 0033  0000000000110011 (  16)                 .FILL x0033
(33D0) 0020  0000000000100000 (  16)                 .FILL x0020
(33D1) 002D  0000000000101101 (  16)                 .FILL x002D
(33D2) 0020  0000000000100000 (  16)                 .FILL x0020
(33D3) 0053  0000000001010011 (  16)                 .FILL x0053
(33D4) 0061  0000000001100001 (  16)                 .FILL x0061
(33D5) 006C  0000000001101100 (  16)                 .FILL x006C
(33D6) 0061  0000000001100001 (  16)                 .FILL x0061
(33D7) 0064  0000000001100100 (  16)                 .FILL x0064
(33D8) 000A  0000000000001010 (  16)                 .FILL x000A
(33D9) 0020  0000000000100000 (  16)                 .FILL x0020
(33DA) 0009  0000000000001001 (  16)                 .FILL x0009
(33DB) 0034  0000000000110100 (  16)                 .FILL x0034
(33DC) 0020  0000000000100000 (  16)                 .FILL x0020
(33DD) 002D  0000000000101101 (  16)                 .FILL x002D
(33DE) 0020  0000000000100000 (  16)                 .FILL x0020
(33DF) 0047  0000000001000111 (  16)                 .FILL x0047
(33E0) 0072  0000000001110010 (  16)                 .FILL x0072
(33E1) 0069  0000000001101001 (  16)                 .FILL x0069
(33E2) 006C  0000000001101100 (  16)                 .FILL x006C
(33E3) 006C  0000000001101100 (  16)                 .FILL x006C
(33E4) 0065  0000000001100101 (  16)                 .FILL x0065
(33E5) 0064  0000000001100100 (  16)                 .FILL x0064
(33E6) 0020  0000000000100000 (  16)                 .FILL x0020
(33E7) 0043  0000000001000011 (  16)                 .FILL x0043
(33E8) 0068  0000000001101000 (  16)                 .FILL x0068
(33E9) 0069  0000000001101001 (  16)                 .FILL x0069
(33EA) 0063  0000000001100011 (  16)                 .FILL x0063
(33EB) 006B  0000000001101011 (  16)                 .FILL x006B
(33EC) 0065  0000000001100101 (  16)                 .FILL x0065
(33ED) 006E  0000000001101110 (  16)                 .FILL x006E
(33EE) 000A  0000000000001010 (  16)                 .FILL x000A
(33EF) 0000  0000000000000000 (  16)                 .FILL x0000
(33F0) 000A  0000000000001010 (  17) Q2P             .FILL x000A
(33F1) 0007  0000000000000111 (  18)                 .FILL x0007
(33F2) 0001  0000000000000001 (  19)                 .FILL x0001
(33F3) 0004  0000000000000100 (  20)                 .FILL x0004
(33F4) 000A  0000000000001010 (  22) Q3              .FILL x000A
(33F5) 0049  0000000001001001 (  22)                 .FILL x0049
(33F6) 0066  0000000001100110 (  22)                 .FILL x0066
(33F7) 0020  0000000000100000 (  22)                 .FILL x0020
(33F8) 0079  0000000001111001 (  22)                 .FILL x0079
(33F9) 006F  0000000001101111 (  22)                 .FILL x006F
(33FA) 0075  0000000001110101 (  22)                 .FILL x0075
(33FB) 0020  0000000000100000 (  22)                 .FILL x0020
(33FC) 0068  0000000001101000 (  22)                 .FILL x0068
(33FD) 0061  0000000001100001 (  22)                 .FILL x0061
(33FE) 0064  0000000001100100 (  22)                 .FILL x0064
(33FF) 0020  0000000000100000 (  22)                 .FILL x0020
(3400) 0074  0000000001110100 (  22)                 .FILL x0074
(3401) 006F  0000000001101111 (  22)                 .FILL x006F
(3402) 0020  0000000000100000 (  22)                 .FILL x0020
(3403) 0067  0000000001100111 (  22)                 .FILL x0067
(3404) 0065  0000000001100101 (  22)                 .FILL x0065
(3405) 0074  0000000001110100 (  22)                 .FILL x0074
(3406) 0020  0000000000100000 (  22)                 .FILL x0020
(3407) 0061  0000000001100001 (  22)                 .FILL x0061
(3408) 0020  0000000000100000 (  22)                 .FILL x0020
(3409) 0070  0000000001110000 (  22)                 .FILL x0070
(340A) 0069  0000000001101001 (  22)                 .FILL x0069
(340B) 0065  0000000001100101 (  22)                 .FILL x0065
(340C) 0072  0000000001110010 (  22)                 .FILL x0072
(340D) 0063  0000000001100011 (  22)                 .FILL x0063
(340E) 0069  0000000001101001 (  22)                 .FILL x0069
(340F) 006E  0000000001101110 (  22)                 .FILL x006E
(3410) 0067  0000000001100111 (  22)                 .FILL x0067
(3411) 002C  0000000000101100 (  22)                 .FILL x002C
(3412) 0020  0000000000100000 (  22)                 .FILL x0020
(3413) 0077  0000000001110111 (  22)                 .FILL x0077
(3414) 0068  0000000001101000 (  22)                 .FILL x0068
(3415) 0069  0000000001101001 (  22)                 .FILL x0069
(3416) 0063  0000000001100011 (  22)                 .FILL x0063
(3417) 0068  0000000001101000 (  22)                 .FILL x0068
(3418) 0020  0000000000100000 (  22)                 .FILL x0020
(3419) 006F  0000000001101111 (  22)                 .FILL x006F
(341A) 0066  0000000001100110 (  22)                 .FILL x0066
(341B) 0020  0000000000100000 (  22)                 .FILL x0020
(341C) 0074  0000000001110100 (  22)                 .FILL x0074
(341D) 0068  0000000001101000 (  22)                 .FILL x0068
(341E) 0065  0000000001100101 (  22)                 .FILL x0065
(341F) 0073  0000000001110011 (  22)                 .FILL x0073
(3420) 0065  0000000001100101 (  22)                 .FILL x0065
(3421) 0020  0000000000100000 (  22)                 .FILL x0020
(3422) 006C  0000000001101100 (  22)                 .FILL x006C
(3423) 006F  0000000001101111 (  22)                 .FILL x006F
(3424) 0063  0000000001100011 (  22)                 .FILL x0063
(3425) 0061  0000000001100001 (  22)                 .FILL x0061
(3426) 0074  0000000001110100 (  22)                 .FILL x0074
(3427) 0069  0000000001101001 (  22)                 .FILL x0069
(3428) 006F  0000000001101111 (  22)                 .FILL x006F
(3429) 006E  0000000001101110 (  22)                 .FILL x006E
(342A) 0073  0000000001110011 (  22)                 .FILL x0073
(342B) 0020  0000000000100000 (  22)                 .FILL x0020
(342C) 0077  0000000001110111 (  22)                 .FILL x0077
(342D) 006F  0000000001101111 (  22)                 .FILL x006F
(342E) 0075  0000000001110101 (  22)                 .FILL x0075
(342F) 006C  0000000001101100 (  22)                 .FILL x006C
(3430) 0064  0000000001100100 (  22)                 .FILL x0064
(3431) 0020  0000000000100000 (  22)                 .FILL x0020
(3432) 0079  0000000001111001 (  22)                 .FILL x0079
(3433) 006F  0000000001101111 (  22)                 .FILL x006F
(3434) 0075  0000000001110101 (  22)                 .FILL x0075
(3435) 0020  0000000000100000 (  22)                 .FILL x0020
(3436) 0063  0000000001100011 (  22)                 .FILL x0063
(3437) 0068  0000000001101000 (  22)                 .FILL x0068
(3438) 006F  0000000001101111 (  22)                 .FILL x006F
(3439) 006F  0000000001101111 (  22)                 .FILL x006F
(343A) 0073  0000000001110011 (  22)                 .FILL x0073
(343B) 0065  0000000001100101 (  22)                 .FILL x0065
(343C) 003F  0000000000111111 (  22)                 .FILL x003F
(343D) 000A  0000000000001010 (  22)                 .FILL x000A
(343E) 0020  0000000000100000 (  22)                 .FILL x0020
(343F) 0009  0000000000001001 (  22)                 .FILL x0009
(3440) 0031  0000000000110001 (  22)                 .FILL x0031
(3441) 0020  0000000000100000 (  22)                 .FILL x0020
(3442) 002D  0000000000101101 (  22)                 .FILL x002D
(3443) 0020  0000000000100000 (  22)                 .FILL x0020
(3444) 0054  0000000001010100 (  22)                 .FILL x0054
(3445) 006F  0000000001101111 (  22)                 .FILL x006F
(3446) 006E  0000000001101110 (  22)                 .FILL x006E
(3447) 0067  0000000001100111 (  22)                 .FILL x0067
(3448) 0075  0000000001110101 (  22)                 .FILL x0075
(3449) 0065  0000000001100101 (  22)                 .FILL x0065
(344A) 000A  0000000000001010 (  22)                 .FILL x000A
(344B) 0020  0000000000100000 (  22)                 .FILL x0020
(344C) 0009  0000000000001001 (  22)                 .FILL x0009
(344D) 0032  0000000000110010 (  22)                 .FILL x0032
(344E) 0020  0000000000100000 (  22)                 .FILL x0020
(344F) 002D  0000000000101101 (  22)                 .FILL x002D
(3450) 0020  0000000000100000 (  22)                 .FILL x0020
(3451) 0045  0000000001000101 (  22)                 .FILL x0045
(3452) 0061  0000000001100001 (  22)                 .FILL x0061
(3453) 0072  0000000001110010 (  22)                 .FILL x0072
(3454) 006C  0000000001101100 (  22)                 .FILL x006C
(3455) 006F  0000000001101111 (  22)                 .FILL x006F
(3456) 0062  0000000001100010 (  22)                 .FILL x0062
(3457) 0065  0000000001100101 (  22)                 .FILL x0065
(3458) 000A  0000000000001010 (  22)                 .FILL x000A
(3459) 0020  0000000000100000 (  22)                 .FILL x0020
(345A) 0009  0000000000001001 (  22)                 .FILL x0009
(345B) 0033  0000000000110011 (  22)                 .FILL x0033
(345C) 0020  0000000000100000 (  22)                 .FILL x0020
(345D) 002D  0000000000101101 (  22)                 .FILL x002D
(345E) 0020  0000000000100000 (  22)                 .FILL x0020
(345F) 004E  0000000001001110 (  22)                 .FILL x004E
(3460) 006F  0000000001101111 (  22)                 .FILL x006F
(3461) 0073  0000000001110011 (  22)                 .FILL x0073
(3462) 0065  0000000001100101 (  22)                 .FILL x0065
(3463) 000A  0000000000001010 (  22)                 .FILL x000A
(3464) 0020  0000000000100000 (  22)                 .FILL x0020
(3465) 0009  0000000000001001 (  22)                 .FILL x0009
(3466) 0034  0000000000110100 (  22)                 .FILL x0034
(3467) 0020  0000000000100000 (  22)                 .FILL x0020
(3468) 002D  0000000000101101 (  22)                 .FILL x002D
(3469) 0020  0000000000100000 (  22)                 .FILL x0020
(346A) 004C  0000000001001100 (  22)                 .FILL x004C
(346B) 0069  0000000001101001 (  22)                 .FILL x0069
(346C) 0070  0000000001110000 (  22)                 .FILL x0070
(346D) 000A  0000000000001010 (  22)                 .FILL x000A
(346E) 0000  0000000000000000 (  22)                 .FILL x0000
(346F) 000A  0000000000001010 (  23) Q3P             .FILL x000A
(3470) 0001  0000000000000001 (  24)                 .FILL x0001
(3471) 0005  0000000000000101 (  25)                 .FILL x0005
(3472) 0008  0000000000001000 (  26)                 .FILL x0008
(3473) 000A  0000000000001010 (  30) Result1         .FILL x000A
(3474) 0059  0000000001011001 (  30)                 .FILL x0059
(3475) 006F  0000000001101111 (  30)                 .FILL x006F
(3476) 0075  0000000001110101 (  30)                 .FILL x0075
(3477) 0020  0000000000100000 (  30)                 .FILL x0020
(3478) 0063  0000000001100011 (  30)                 .FILL x0063
(3479) 006F  0000000001101111 (  30)                 .FILL x006F
(347A) 0075  0000000001110101 (  30)                 .FILL x0075
(347B) 006C  0000000001101100 (  30)                 .FILL x006C
(347C) 0064  0000000001100100 (  30)                 .FILL x0064
(347D) 0020  0000000000100000 (  30)                 .FILL x0020
(347E) 0075  0000000001110101 (  30)                 .FILL x0075
(347F) 0073  0000000001110011 (  30)                 .FILL x0073
(3480) 0065  0000000001100101 (  30)                 .FILL x0065
(3481) 0020  0000000000100000 (  30)                 .FILL x0020
(3482) 006D  0000000001101101 (  30)                 .FILL x006D
(3483) 006F  0000000001101111 (  30)                 .FILL x006F
(3484) 0072  0000000001110010 (  30)                 .FILL x0072
(3485) 0065  0000000001100101 (  30)                 .FILL x0065
(3486) 0020  0000000000100000 (  30)                 .FILL x0020
(3487) 0073  0000000001110011 (  30)                 .FILL x0073
(3488) 0070  0000000001110000 (  30)                 .FILL x0070
(3489) 0069  0000000001101001 (  30)                 .FILL x0069
(348A) 0063  0000000001100011 (  30)                 .FILL x0063
(348B) 0065  0000000001100101 (  30)                 .FILL x0065
(348C) 0020  0000000000100000 (  30)                 .FILL x0020
(348D) 0069  0000000001101001 (  30)                 .FILL x0069
(348E) 006E  0000000001101110 (  30)                 .FILL x006E
(348F) 0020  0000000000100000 (  30)                 .FILL x0020
(3490) 0079  0000000001111001 (  30)                 .FILL x0079
(3491) 006F  0000000001101111 (  30)                 .FILL x006F
(3492) 0075  0000000001110101 (  30)                 .FILL x0075
(3493) 0072  0000000001110010 (  30)                 .FILL x0072
(3494) 0020  0000000000100000 (  30)                 .FILL x0020
(3495) 006C  0000000001101100 (  30)                 .FILL x006C
(3496) 0069  0000000001101001 (  30)                 .FILL x0069
(3497) 0066  0000000001100110 (  30)                 .FILL x0066
(3498) 0065  0000000001100101 (  30)                 .FILL x0065
(3499) 002E  0000000000101110 (  30)                 .FILL x002E
(349A) 000A  0000000000001010 (  30)                 .FILL x000A
(349B) 0000  0000000000000000 (  30)                 .FILL x0000
(349C) 000A  0000000000001010 (  31) Result2         .FILL x000A
(349D) 0059  0000000001011001 (  31)                 .FILL x0059
(349E) 006F  0000000001101111 (  31)                 .FILL x006F
(349F) 0075  0000000001110101 (  31)                 .FILL x0075
(34A0) 0020  0000000000100000 (  31)                 .FILL x0020
(34A1) 0061  0000000001100001 (  31)                 .FILL x0061
(34A2) 0072  0000000001110010 (  31)                 .FILL x0072
(34A3) 0065  0000000001100101 (  31)                 .FILL x0065
(34A4) 0020  0000000000100000 (  31)                 .FILL x0020
(34A5) 0061  0000000001100001 (  31)                 .FILL x0061
(34A6) 0062  0000000001100010 (  31)                 .FILL x0062
(34A7) 006F  0000000001101111 (  31)                 .FILL x006F
(34A8) 0075  0000000001110101 (  31)                 .FILL x0075
(34A9) 0074  0000000001110100 (  31)                 .FILL x0074
(34AA) 0020  0000000000100000 (  31)                 .FILL x0020
(34AB) 0061  0000000001100001 (  31)                 .FILL x0061
(34AC) 0076  0000000001110110 (  31)                 .FILL x0076
(34AD) 0065  0000000001100101 (  31)                 .FILL x0065
(34AE) 0072  0000000001110010 (  31)                 .FILL x0072
(34AF) 0061  0000000001100001 (  31)                 .FILL x0061
(34B0) 0067  0000000001100111 (  31)                 .FILL x0067
(34B1) 0065  0000000001100101 (  31)                 .FILL x0065
(34B2) 002E  0000000000101110 (  31)                 .FILL x002E
(34B3) 000A  0000000000001010 (  31)                 .FILL x000A
(34B4) 0000  0000000000000000 (  31)                 .FILL x0000
(34B5) 000A  0000000000001010 (  32) Result3         .FILL x000A
(34B6) 0054  0000000001010100 (  32)                 .FILL x0054
(34B7) 0068  0000000001101000 (  32)                 .FILL x0068
(34B8) 0065  0000000001100101 (  32)                 .FILL x0065
(34B9) 0072  0000000001110010 (  32)                 .FILL x0072
(34BA) 0065  0000000001100101 (  32)                 .FILL x0065
(34BB) 0027  0000000000100111 (  32)                 .FILL x0027
(34BC) 0073  0000000001110011 (  32)                 .FILL x0073
(34BD) 0020  0000000000100000 (  32)                 .FILL x0020
(34BE) 0061  0000000001100001 (  32)                 .FILL x0061
(34BF) 006E  0000000001101110 (  32)                 .FILL x006E
(34C0) 0020  0000000000100000 (  32)                 .FILL x0020
(34C1) 0065  0000000001100101 (  32)                 .FILL x0065
(34C2) 0064  0000000001100100 (  32)                 .FILL x0064
(34C3) 0067  0000000001100111 (  32)                 .FILL x0067
(34C4) 0065  0000000001100101 (  32)                 .FILL x0065
(34C5) 0020  0000000000100000 (  32)                 .FILL x0020
(34C6) 0074  0000000001110100 (  32)                 .FILL x0074
(34C7) 006F  0000000001101111 (  32)                 .FILL x006F
(34C8) 0020  0000000000100000 (  32)                 .FILL x0020
(34C9) 0079  0000000001111001 (  32)                 .FILL x0079
(34CA) 006F  0000000001101111 (  32)                 .FILL x006F
(34CB) 0075  0000000001110101 (  32)                 .FILL x0075
(34CC) 002E  0000000000101110 (  32)                 .FILL x002E
(34CD) 002E  0000000000101110 (  32)                 .FILL x002E
(34CE) 002E  0000000000101110 (  32)                 .FILL x002E
(34CF) 000A  0000000000001010 (  32)                 .FILL x000A
(34D0) 0000  0000000000000000 (  32)                 .FILL x0000
(34D1) 000A  0000000000001010 (  33) Result4         .FILL x000A
(34D2) 0047  0000000001000111 (  33)                 .FILL x0047
(34D3) 006F  0000000001101111 (  33)                 .FILL x006F
(34D4) 0064  0000000001100100 (  33)                 .FILL x0064
(34D5) 0020  0000000000100000 (  33)                 .FILL x0020
(34D6) 0064  0000000001100100 (  33)                 .FILL x0064
(34D7) 0061  0000000001100001 (  33)                 .FILL x0061
(34D8) 006D  0000000001101101 (  33)                 .FILL x006D
(34D9) 006E  0000000001101110 (  33)                 .FILL x006E
(34DA) 0021  0000000000100001 (  33)                 .FILL x0021
(34DB) 0020  0000000000100000 (  33)                 .FILL x0020
(34DC) 0054  0000000001010100 (  33)                 .FILL x0054
(34DD) 0068  0000000001101000 (  33)                 .FILL x0068
(34DE) 0061  0000000001100001 (  33)                 .FILL x0061
(34DF) 0074  0000000001110100 (  33)                 .FILL x0074
(34E0) 0027  0000000000100111 (  33)                 .FILL x0027
(34E1) 0073  0000000001110011 (  33)                 .FILL x0073
(34E2) 0020  0000000000100000 (  33)                 .FILL x0020
(34E3) 0065  0000000001100101 (  33)                 .FILL x0065
(34E4) 0064  0000000001100100 (  33)                 .FILL x0064
(34E5) 0067  0000000001100111 (  33)                 .FILL x0067
(34E6) 0079  0000000001111001 (  33)                 .FILL x0079
(34E7) 002E  0000000000101110 (  33)                 .FILL x002E
(34E8) 000A  0000000000001010 (  33)                 .FILL x000A
(34E9) 0000  0000000000000000 (  33)                 .FILL x0000
