(0000) 3000  0011000000000000 (  17)                 .ORIG x3000
(3000) 5020  0101000000100000 (  21) Start           AND   R0 R0 #0
(3001) 5260  0101001001100000 (  22)                 AND   R1 R1 #0
(3002) 54A0  0101010010100000 (  23)                 AND   R2 R2 #0
(3003) 56E0  0101011011100000 (  24)                 AND   R3 R3 #0
(3004) 204A  0010000001001010 (  26)                 LD    R0 Q1
(3005) F022  1111000000100010 (  27)                 TRAP  x22
(3006) 4821  0100100000100001 (  28)                 JSR   GetInt
(3007) 224A  0010001001001010 (  29)                 LD    R1 Q1P
(3008) 482A  0100100000101010 (  30)                 JSR   GetPoints
(3009) 14A1  0001010010100001 (  32)                 ADD   R2 R2 #1
(300A) 2045  0010000001000101 (  33)                 LD    R0 Q2
(300B) F022  1111000000100010 (  34)                 TRAP  x22
(300C) 481B  0100100000011011 (  35)                 JSR   GetInt
(300D) 2245  0010001001000101 (  36)                 LD    R1 Q2P
(300E) 4824  0100100000100100 (  37)                 JSR   GetPoints
(300F) 14A1  0001010010100001 (  39)                 ADD   R2 R2 #1
(3010) 2040  0010000001000000 (  41)                 LD    R0 Q3
(3011) F022  1111000000100010 (  42)                 TRAP  x22
(3012) 4815  0100100000010101 (  43)                 JSR   GetInt
(3013) 2240  0010001001000000 (  44)                 LD    R1 Q3P
(3014) 481E  0100100000011110 (  45)                 JSR   GetPoints
(3015) 16F8  0001011011111000 (  51)                 ADD   R3 R3 #-8
(3016) 0C0D  0000110000001101 (  52)                 BRNZ  Res1
(3017) 16F8  0001011011111000 (  56)                 ADD   R3 R3 #-8
(3018) 0C08  0000110000001000 (  57)                 BRNZ  Res2
(3019) 16F8  0001011011111000 (  61)                 ADD   R3 R3 #-8
(301A) 0C03  0000110000000011 (  62)                 BRNZ  Res3
(301B) 203C  0010000000111100 (  67) Res4            LD    R0 Result4
(301C) F022  1111000000100010 (  68)                 TRAP  x22
(301D) 0FE2  0000111111100010 (  69)                 BRNZP Start
(301E) 2038  0010000000111000 (  71) Res3            LD    R0 Result3
(301F) F022  1111000000100010 (  72)                 TRAP  x22
(3020) 0FDF  0000111111011111 (  73)                 BRNZP Start
(3021) 2034  0010000000110100 (  75) Res2            LD    R0 Result2
(3022) F022  1111000000100010 (  76)                 TRAP  x22
(3023) 0FDC  0000111111011100 (  77)                 BRNZP Start
(3024) 2030  0010000000110000 (  79) Res1            LD    R0 Result1
(3025) F022  1111000000100010 (  80)                 TRAP  x22
(3026) 0FD9  0000111111011001 (  81)                 BRNZP Start
(3027) F025  1111000000100101 (  83)                 TRAP  x25
(3028) 3231  0011001000110001 (  87) GetInt          ST    R1 SaveR1
(3029) 3E33  0011111000110011 (  88)                 ST    R7 SaveR7
(302A) E017  1110000000010111 (  89)                 LEA   R0 CHOSE
(302B) F022  1111000000100010 (  90)                 TRAP  x22
(302C) F020  1111000000100000 (  91)                 TRAP  x20
(302D) F021  1111000000100001 (  92)                 TRAP  x21
(302E) 221F  0010001000011111 (  93)                 LD    R1 DEC
(302F) 1001  0001000000000001 (  94)                 ADD   R0 R0 R1
(3030) 2229  0010001000101001 (  95)                 LD    R1 SaveR1
(3031) 2E2B  0010111000101011 (  96)                 LD    R7 SaveR7
(3032) C1C0  1100000111000000 (  97)                 RET   
(3033) 3025  0011000000100101 ( 100) GetPoints       ST    R0 SaveR0
(3034) 3426  0011010000100110 ( 101)                 ST    R2 SaveR2
(3035) 3826  0011100000100110 ( 102)                 ST    R4 SaveR4
(3036) 3223  0011001000100011 ( 103)                 ST    R1 SaveR1
(3037) 3E25  0011111000100101 ( 104)                 ST    R7 SaveR7
(3038) 143F  0001010000111111 ( 105)                 ADD   R2 R0 #-1
(3039) 1242  0001001001000010 ( 106)                 ADD   R1 R1 R2
(303A) 6840  0110100001000000 ( 107)                 LDR   R4 R1 #0
(303B) 1720  0001011100100000 ( 108)                 ADD   R3 R4 #0
(303C) 201C  0010000000011100 ( 109)                 LD    R0 SaveR0
(303D) 241D  0010010000011101 ( 110)                 LD    R2 SaveR2
(303E) 281D  0010100000011101 ( 111)                 LD    R4 SaveR4
(303F) 221A  0010001000011010 ( 112)                 LD    R1 SaveR1
(3040) 2E1C  0010111000011100 ( 113)                 LD    R7 SaveR7
(3041) C1C0  1100000111000000 ( 114)                 RET   
(3042) 0059  0000000001011001 ( 118) CHOSE           .FILL x0059
(3043) 006F  0000000001101111 ( 118)                 .FILL x006F
(3044) 0075  0000000001110101 ( 118)                 .FILL x0075
(3045) 0020  0000000000100000 ( 118)                 .FILL x0020
(3046) 0063  0000000001100011 ( 118)                 .FILL x0063
(3047) 0068  0000000001101000 ( 118)                 .FILL x0068
(3048) 006F  0000000001101111 ( 118)                 .FILL x006F
(3049) 0073  0000000001110011 ( 118)                 .FILL x0073
(304A) 0065  0000000001100101 ( 118)                 .FILL x0065
(304B) 003A  0000000000111010 ( 118)                 .FILL x003A
(304C) 0020  0000000000100000 ( 118)                 .FILL x0020
(304D) 0000  0000000000000000 ( 118)                 .FILL x0000
(304E) FFD0  1111111111010000 ( 119) DEC             .FILL xFFD0
(304F) 3300  0011001100000000 ( 121) Q1              .FILL x3300
(3050) 3379  0011001101111001 ( 122) Q2              .FILL x3379
(3051) 33F4  0011001111110100 ( 123) Q3              .FILL x33F4
(3052) 3375  0011001101110101 ( 125) Q1P             .FILL x3375
(3053) 33F0  0011001111110000 ( 126) Q2P             .FILL x33F0
(3054) 3470  0011010001110000 ( 127) Q3P             .FILL x3470
(3055) 3474  0011010001110100 ( 129) Result1         .FILL x3474
(3056) 349C  0011010010011100 ( 130) Result2         .FILL x349C
(3057) 34B4  0011010010110100 ( 131) Result3         .FILL x34B4
(3058) 34CF  0011010011001111 ( 132) Result4         .FILL x34CF
(3059) 0000  0000000000000000 ( 134) SaveR0          .FILL x0000
(305A) 0000  0000000000000000 ( 135) SaveR1          .FILL x0000
(305B) 0000  0000000000000000 ( 136) SaveR2          .FILL x0000
(305C) 0000  0000000000000000 ( 137) SaveR4          .FILL x0000
(305D) 0000  0000000000000000 ( 138) SaveR7          .FILL x0000
