(0000) 3000  0011000000000000 (   2)                 .ORIG x3000
(3000) 5020  0101000000100000 (   5) INIT            AND   R0 R0 #0
(3001) 54A0  0101010010100000 (   6)                 AND   R2 R2 #0
(3002) 56E0  0101011011100000 (   7)                 AND   R3 R3 #0
(3003) 5920  0101100100100000 (   8)                 AND   R4 R4 #0
(3004) 5B60  0101101101100000 (   9)                 AND   R5 R5 #0
(3005) 5DA0  0101110110100000 (  10)                 AND   R6 R6 #0
(3006) E22A  1110001000101010 (  11)                 LEA   R1 memAlloc
(3007) 54A0  0101010010100000 (  12)                 AND   R2 R2 #0
(3008) E016  1110000000010110 (  13)                 LEA   R0 Prompt
(3009) F022  1111000000100010 (  14)                 TRAP  x22
(300A) F020  1111000000100000 (  15)                 TRAP  x20
(300B) F021  1111000000100001 (  16)                 TRAP  x21
(300C) 1620  0001011000100000 (  17)                 ADD   R3 R0 #0
(300D) F020  1111000000100000 (  21) LOOP            TRAP  x20
(300E) F021  1111000000100001 (  22)                 TRAP  x21
(300F) 1436  0001010000110110 (  23)                 ADD   R2 R0 #-10
(3010) 0403  0000010000000011 (  24)                 BRZ   PIG
(3011) 7040  0111000001000000 (  25)                 STR   R0 R1 #0
(3012) 1261  0001001001100001 (  26)                 ADD   R1 R1 #1
(3013) 0FF9  0000111111111001 (  27)                 BRNZP LOOP
(3014) 7640  0111011001000000 (  31) PIG             STR   R3 R1 #0
(3015) 1261  0001001001100001 (  32)                 ADD   R1 R1 #1
(3016) 7240  0111001001000000 (  33)                 STR   R1 R1 #0
(3017) 0E00  0000111000000000 (  34)                 BRNZP OUTPUT
(3018) E018  1110000000011000 (  38) OUTPUT          LEA   R0 memAlloc
(3019) F022  1111000000100010 (  39)                 TRAP  x22
(301A) E013  1110000000010011 (  40)                 LEA   R0 Ay
(301B) F022  1111000000100010 (  41)                 TRAP  x22
(301C) E00F  1110000000001111 (  42)                 LEA   R0 Newl
(301D) F022  1111000000100010 (  43)                 TRAP  x22
(301E) 0FE1  0000111111100001 (  44)                 BRNZP INIT
(301F) 0045  0000000001000101 (  46) Prompt          .FILL x0045
(3020) 006E  0000000001101110 (  46)                 .FILL x006E
(3021) 0074  0000000001110100 (  46)                 .FILL x0074
(3022) 0065  0000000001100101 (  46)                 .FILL x0065
(3023) 0072  0000000001110010 (  46)                 .FILL x0072
(3024) 0020  0000000000100000 (  46)                 .FILL x0020
(3025) 0057  0000000001010111 (  46)                 .FILL x0057
(3026) 006F  0000000001101111 (  46)                 .FILL x006F
(3027) 0072  0000000001110010 (  46)                 .FILL x0072
(3028) 0064  0000000001100100 (  46)                 .FILL x0064
(3029) 003A  0000000000111010 (  46)                 .FILL x003A
(302A) 0020  0000000000100000 (  46)                 .FILL x0020
(302B) 0000  0000000000000000 (  46)                 .FILL x0000
(302C) 000A  0000000000001010 (  47) Newl            .FILL x000A
(302D) 0000  0000000000000000 (  47)                 .FILL x0000
(302E) 0061  0000000001100001 (  48) Ay              .FILL x0061
(302F) 0079  0000000001111001 (  48)                 .FILL x0079
(3030) 0000  0000000000000000 (  48)                 .FILL x0000
(3031) 0000  0000000000000000 (  50) memAlloc        .FILL x0000
(3032) 0000  0000000000000000 (  50)                 .FILL x0000
(3033) 0000  0000000000000000 (  50)                 .FILL x0000
(3034) 0000  0000000000000000 (  50)                 .FILL x0000
(3035) 0000  0000000000000000 (  50)                 .FILL x0000
(3036) 0000  0000000000000000 (  50)                 .FILL x0000
(3037) 0000  0000000000000000 (  50)                 .FILL x0000
(3038) 0000  0000000000000000 (  50)                 .FILL x0000
(3039) 0000  0000000000000000 (  50)                 .FILL x0000
(303A) 0000  0000000000000000 (  50)                 .FILL x0000
(303B) 0000  0000000000000000 (  50)                 .FILL x0000
(303C) 0000  0000000000000000 (  50)                 .FILL x0000
(303D) 0000  0000000000000000 (  50)                 .FILL x0000
(303E) 0000  0000000000000000 (  50)                 .FILL x0000
(303F) 0000  0000000000000000 (  50)                 .FILL x0000
(3040) 0000  0000000000000000 (  50)                 .FILL x0000
(3041) 0000  0000000000000000 (  50)                 .FILL x0000
(3042) 0000  0000000000000000 (  50)                 .FILL x0000
(3043) 0000  0000000000000000 (  50)                 .FILL x0000
(3044) 0000  0000000000000000 (  50)                 .FILL x0000
(3045) 0000  0000000000000000 (  50)                 .FILL x0000
(3046) 0000  0000000000000000 (  50)                 .FILL x0000
(3047) 0000  0000000000000000 (  50)                 .FILL x0000
(3048) 0000  0000000000000000 (  50)                 .FILL x0000
(3049) 0000  0000000000000000 (  50)                 .FILL x0000
(304A) 0000  0000000000000000 (  50)                 .FILL x0000
(304B) 0000  0000000000000000 (  50)                 .FILL x0000
(304C) 0000  0000000000000000 (  50)                 .FILL x0000
(304D) 0000  0000000000000000 (  50)                 .FILL x0000
(304E) 0000  0000000000000000 (  50)                 .FILL x0000
(304F) 0000  0000000000000000 (  50)                 .FILL x0000
(3050) 0000  0000000000000000 (  50)                 .FILL x0000
(3051) 0000  0000000000000000 (  50)                 .FILL x0000
(3052) 0000  0000000000000000 (  50)                 .FILL x0000
(3053) 0000  0000000000000000 (  50)                 .FILL x0000
(3054) 0000  0000000000000000 (  50)                 .FILL x0000
(3055) 0000  0000000000000000 (  50)                 .FILL x0000
(3056) 0000  0000000000000000 (  50)                 .FILL x0000
(3057) 0000  0000000000000000 (  50)                 .FILL x0000
(3058) 0000  0000000000000000 (  50)                 .FILL x0000
(3059) 0000  0000000000000000 (  50)                 .FILL x0000
(305A) 0000  0000000000000000 (  50)                 .FILL x0000
(305B) 0000  0000000000000000 (  50)                 .FILL x0000
(305C) 0000  0000000000000000 (  50)                 .FILL x0000
(305D) 0000  0000000000000000 (  50)                 .FILL x0000
(305E) 0000  0000000000000000 (  50)                 .FILL x0000
(305F) 0000  0000000000000000 (  50)                 .FILL x0000
(3060) 0000  0000000000000000 (  50)                 .FILL x0000
(3061) 0000  0000000000000000 (  50)                 .FILL x0000
(3062) 0000  0000000000000000 (  50)                 .FILL x0000
(3063) 0000  0000000000000000 (  50)                 .FILL x0000
(3064) 0000  0000000000000000 (  50)                 .FILL x0000
(3065) 0000  0000000000000000 (  50)                 .FILL x0000
(3066) 0000  0000000000000000 (  50)                 .FILL x0000
(3067) 0000  0000000000000000 (  50)                 .FILL x0000
(3068) 0000  0000000000000000 (  50)                 .FILL x0000
(3069) 0000  0000000000000000 (  50)                 .FILL x0000
(306A) 0000  0000000000000000 (  50)                 .FILL x0000
(306B) 0000  0000000000000000 (  50)                 .FILL x0000
(306C) 0000  0000000000000000 (  50)                 .FILL x0000
(306D) 0000  0000000000000000 (  50)                 .FILL x0000
(306E) 0000  0000000000000000 (  50)                 .FILL x0000
(306F) 0000  0000000000000000 (  50)                 .FILL x0000
(3070) 0000  0000000000000000 (  50)                 .FILL x0000
(3071) 0000  0000000000000000 (  50)                 .FILL x0000
(3072) 0000  0000000000000000 (  50)                 .FILL x0000
(3073) 0000  0000000000000000 (  50)                 .FILL x0000
(3074) 0000  0000000000000000 (  50)                 .FILL x0000
(3075) 0000  0000000000000000 (  50)                 .FILL x0000
(3076) 0000  0000000000000000 (  50)                 .FILL x0000
(3077) 0000  0000000000000000 (  50)                 .FILL x0000
(3078) 0000  0000000000000000 (  50)                 .FILL x0000
(3079) 0000  0000000000000000 (  50)                 .FILL x0000
(307A) 0000  0000000000000000 (  50)                 .FILL x0000
(307B) 0000  0000000000000000 (  50)                 .FILL x0000
(307C) 0000  0000000000000000 (  50)                 .FILL x0000
(307D) 0000  0000000000000000 (  50)                 .FILL x0000
(307E) 0000  0000000000000000 (  50)                 .FILL x0000
(307F) 0000  0000000000000000 (  50)                 .FILL x0000
(3080) 0000  0000000000000000 (  50)                 .FILL x0000
(3081) 0000  0000000000000000 (  50)                 .FILL x0000
(3082) 0000  0000000000000000 (  50)                 .FILL x0000
(3083) 0000  0000000000000000 (  50)                 .FILL x0000
(3084) 0000  0000000000000000 (  50)                 .FILL x0000
(3085) 0000  0000000000000000 (  50)                 .FILL x0000
(3086) 0000  0000000000000000 (  50)                 .FILL x0000
(3087) 0000  0000000000000000 (  50)                 .FILL x0000
(3088) 0000  0000000000000000 (  50)                 .FILL x0000
(3089) 0000  0000000000000000 (  50)                 .FILL x0000
(308A) 0000  0000000000000000 (  50)                 .FILL x0000
(308B) 0000  0000000000000000 (  50)                 .FILL x0000
(308C) 0000  0000000000000000 (  50)                 .FILL x0000
(308D) 0000  0000000000000000 (  50)                 .FILL x0000
(308E) 0000  0000000000000000 (  50)                 .FILL x0000
(308F) 0000  0000000000000000 (  50)                 .FILL x0000
(3090) 0000  0000000000000000 (  50)                 .FILL x0000
(3091) 0000  0000000000000000 (  50)                 .FILL x0000
(3092) 0000  0000000000000000 (  50)                 .FILL x0000
(3093) 0000  0000000000000000 (  50)                 .FILL x0000
(3094) 0000  0000000000000000 (  50)                 .FILL x0000
