(0000) 3000  0011000000000000 (  20)                 .ORIG x3000
(3000) 5260  0101001001100000 (  22) START           AND   R1 R1 #0
(3001) 54A0  0101010010100000 (  23)                 AND   R2 R2 #0
(3002) E618  1110011000011000 (  25)                 LEA   R3 WORD
(3003) E030  1110000000110000 (  29)                 LEA   R0 PROMPT
(3004) F022  1111000000100010 (  30)                 TRAP  x22
(3005) F020  1111000000100000 (  32) LOOP            TRAP  x20
(3006) F021  1111000000100001 (  33)                 TRAP  x21
(3007) 1236  0001001000110110 (  34)                 ADD   R1 R0 #-10
(3008) 0403  0000010000000011 (  35)                 BRZ   NEXT
(3009) 70C0  0111000011000000 (  36)                 STR   R0 R3 #0
(300A) 16E1  0001011011100001 (  37)                 ADD   R3 R3 #1
(300B) 0FF9  0000111111111001 (  38)                 BRNZP LOOP
(300C) 72C0  0111001011000000 (  41) NEXT            STR   R1 R3 #0
(300D) 16E1  0001011011100001 (  42)                 ADD   R3 R3 #1
(300E) 76C0  0111011011000000 (  43)                 STR   R3 R3 #0
(300F) E033  1110000000110011 (  45)                 LEA   R0 PROMPT2
(3010) F022  1111000000100010 (  46)                 TRAP  x22
(3011) E009  1110000000001001 (  47)                 LEA   R0 WORD
(3012) 1021  0001000000100001 (  48)                 ADD   R0 R0 #1
(3013) F022  1111000000100010 (  49)                 TRAP  x22
(3014) E006  1110000000000110 (  52)                 LEA   R0 WORD
(3015) 6000  0110000000000000 (  53)                 LDR   R0 R0 #0
(3016) F021  1111000000100001 (  54)                 TRAP  x21
(3017) E018  1110000000011000 (  55)                 LEA   R0 Ay
(3018) F022  1111000000100010 (  56)                 TRAP  x22
(3019) 0FE6  0000111111100110 (  58)                 BRNZP START
(301A) F025  1111000000100101 (  60)                 TRAP  x25
(301B) 0000  0000000000000000 (  63) WORD            .FILL x0000
(301C) 0000  0000000000000000 (  63)                 .FILL x0000
(301D) 0000  0000000000000000 (  63)                 .FILL x0000
(301E) 0000  0000000000000000 (  63)                 .FILL x0000
(301F) 0000  0000000000000000 (  63)                 .FILL x0000
(3020) 0000  0000000000000000 (  63)                 .FILL x0000
(3021) 0000  0000000000000000 (  63)                 .FILL x0000
(3022) 0000  0000000000000000 (  63)                 .FILL x0000
(3023) 0000  0000000000000000 (  63)                 .FILL x0000
(3024) 0000  0000000000000000 (  63)                 .FILL x0000
(3025) 0000  0000000000000000 (  63)                 .FILL x0000
(3026) 0000  0000000000000000 (  63)                 .FILL x0000
(3027) 0000  0000000000000000 (  63)                 .FILL x0000
(3028) 0000  0000000000000000 (  63)                 .FILL x0000
(3029) 0000  0000000000000000 (  63)                 .FILL x0000
(302A) 0000  0000000000000000 (  63)                 .FILL x0000
(302B) 0000  0000000000000000 (  63)                 .FILL x0000
(302C) 0000  0000000000000000 (  63)                 .FILL x0000
(302D) 0000  0000000000000000 (  63)                 .FILL x0000
(302E) 0000  0000000000000000 (  63)                 .FILL x0000
(302F) 0000  0000000000000000 (  63)                 .FILL x0000
(3030) 0061  0000000001100001 (  63) Ay              .FILL x0061
(3031) 0079  0000000001111001 (  63)                 .FILL x0079
(3032) 000A  0000000000001010 (  63)                 .FILL x000A
(3033) 0000  0000000000000000 (  63)                 .FILL x0000
(3034) 0045  0000000001000101 (  64) PROMPT          .FILL x0045
(3035) 006E  0000000001101110 (  64)                 .FILL x006E
(3036) 0067  0000000001100111 (  64)                 .FILL x0067
(3037) 006C  0000000001101100 (  64)                 .FILL x006C
(3038) 0069  0000000001101001 (  64)                 .FILL x0069
(3039) 0073  0000000001110011 (  64)                 .FILL x0073
(303A) 0068  0000000001101000 (  64)                 .FILL x0068
(303B) 0020  0000000000100000 (  64)                 .FILL x0020
(303C) 0057  0000000001010111 (  64)                 .FILL x0057
(303D) 006F  0000000001101111 (  64)                 .FILL x006F
(303E) 0072  0000000001110010 (  64)                 .FILL x0072
(303F) 0064  0000000001100100 (  64)                 .FILL x0064
(3040) 003A  0000000000111010 (  64)                 .FILL x003A
(3041) 0020  0000000000100000 (  64)                 .FILL x0020
(3042) 0000  0000000000000000 (  64)                 .FILL x0000
(3043) 0050  0000000001010000 (  65) PROMPT2         .FILL x0050
(3044) 0069  0000000001101001 (  65)                 .FILL x0069
(3045) 0067  0000000001100111 (  65)                 .FILL x0067
(3046) 002D  0000000000101101 (  65)                 .FILL x002D
(3047) 004C  0000000001001100 (  65)                 .FILL x004C
(3048) 0061  0000000001100001 (  65)                 .FILL x0061
(3049) 0074  0000000001110100 (  65)                 .FILL x0074
(304A) 0069  0000000001101001 (  65)                 .FILL x0069
(304B) 006E  0000000001101110 (  65)                 .FILL x006E
(304C) 0020  0000000000100000 (  65)                 .FILL x0020
(304D) 0057  0000000001010111 (  65)                 .FILL x0057
(304E) 006F  0000000001101111 (  65)                 .FILL x006F
(304F) 0072  0000000001110010 (  65)                 .FILL x0072
(3050) 0064  0000000001100100 (  65)                 .FILL x0064
(3051) 003A  0000000000111010 (  65)                 .FILL x003A
(3052) 0020  0000000000100000 (  65)                 .FILL x0020
(3053) 0000  0000000000000000 (  65)                 .FILL x0000
