(0000) 3000  0011000000000000 (   1)                 .ORIG x3000
(3000) 262A  0010011000101010 (   2)                 LD    R3 PTR
(3001) E02D  1110000000101101 (   3)                 LEA   R0 INMES
(3002) F022  1111000000100010 (   4)                 TRAP  x22
(3003) 5020  0101000000100000 (   5)                 AND   R0 R0 #0
(3004) 5260  0101001001100000 (   6)                 AND   R1 R1 #0
(3005) 54A0  0101010010100000 (   7)                 AND   R2 R2 #0
(3006) 2222  0010001000100010 (   8)                 LD    R1 SIZE
(3007) 2422  0010010000100010 (   9)                 LD    R2 COUNT
(3008) 2823  0010100000100011 (  10)                 LD    R4 INIT
(3009) 70C0  0111000011000000 (  11) CLEAR           STR   R0 R3 #0
(300A) 14A1  0001010010100001 (  12)                 ADD   R2 R2 #1
(300B) 16E1  0001011011100001 (  13)                 ADD   R3 R3 #1
(300C) 14B6  0001010010110110 (  14)                 ADD   R2 R2 #-10
(300D) 14B7  0001010010110111 (  15)                 ADD   R2 R2 #-9
(300E) 0BFA  0000101111111010 (  16)                 BRNP  CLEAR
(300F) 5260  0101001001100000 (  18)                 AND   R1 R1 #0
(3010) 54A0  0101010010100000 (  19)                 AND   R2 R2 #0
(3011) 2619  0010011000011001 (  20)                 LD    R3 PTR
(3012) F020  1111000000100000 (  21) INPUT           TRAP  x20
(3013) F021  1111000000100001 (  22)                 TRAP  x21
(3014) 14A1  0001010010100001 (  24)                 ADD   R2 R2 #1
(3015) 0406  0000010000000110 (  25)                 BRZ   FIRST
(3016) 70C0  0111000011000000 (  27)                 STR   R0 R3 #0
(3017) 16E1  0001011011100001 (  28)                 ADD   R3 R3 #1
(3018) 1036  0001000000110110 (  30)                 ADD   R0 R0 #-10
(3019) 0404  0000010000000100 (  31)                 BRZ   OUTPUT
(301A) 127F  0001001001111111 (  33)                 ADD   R1 R1 #-1
(301B) 03F6  0000001111110110 (  34)                 BRP   INPUT
(301C) 7100  0111000100000000 (  36) FIRST           STR   R0 R4 #0
(301D) 0FF4  0000111111110100 (  37)                 BRNZP INPUT
(301E) A80D  1010100000001101 (  38) OUTPUT          LDI   R4 INIT
(301F) 78FF  0111100011111111 (  39)                 STR   R4 R3 #-1
(3020) 2A0C  0010101000001100 (  40)                 LD    R5 LETa
(3021) 7AC0  0111101011000000 (  41)                 STR   R5 R3 #0
(3022) 2C0B  0010110000001011 (  42)                 LD    R6 LETy
(3023) 7CC1  0111110011000001 (  43)                 STR   R6 R3 #1
(3024) E019  1110000000011001 (  44)                 LEA   R0 OUTMES
(3025) F022  1111000000100010 (  45)                 TRAP  x22
(3026) 2004  0010000000000100 (  46)                 LD    R0 PTR
(3027) F022  1111000000100010 (  47)                 TRAP  x22
(3028) F025  1111000000100101 (  48)                 TRAP  x25
(3029) 0014  0000000000010100 (  49) SIZE            .FILL x0014
(302A) FFFF  1111111111111111 (  50) COUNT           .FILL xFFFF
(302B) 4000  0100000000000000 (  51) PTR             .FILL x4000
(302C) 4100  0100000100000000 (  52) INIT            .FILL x4100
(302D) 0061  0000000001100001 (  53) LETa            .FILL x0061
(302E) 0079  0000000001111001 (  54) LETy            .FILL x0079
(302F) 0045  0000000001000101 (  55) INMES           .FILL x0045
(3030) 006E  0000000001101110 (  55)                 .FILL x006E
(3031) 0067  0000000001100111 (  55)                 .FILL x0067
(3032) 006C  0000000001101100 (  55)                 .FILL x006C
(3033) 0069  0000000001101001 (  55)                 .FILL x0069
(3034) 0073  0000000001110011 (  55)                 .FILL x0073
(3035) 0068  0000000001101000 (  55)                 .FILL x0068
(3036) 0020  0000000000100000 (  55)                 .FILL x0020
(3037) 0057  0000000001010111 (  55)                 .FILL x0057
(3038) 006F  0000000001101111 (  55)                 .FILL x006F
(3039) 0072  0000000001110010 (  55)                 .FILL x0072
(303A) 0064  0000000001100100 (  55)                 .FILL x0064
(303B) 003A  0000000000111010 (  55)                 .FILL x003A
(303C) 0020  0000000000100000 (  55)                 .FILL x0020
(303D) 0000  0000000000000000 (  55)                 .FILL x0000
(303E) 0050  0000000001010000 (  56) OUTMES          .FILL x0050
(303F) 0069  0000000001101001 (  56)                 .FILL x0069
(3040) 0067  0000000001100111 (  56)                 .FILL x0067
(3041) 002D  0000000000101101 (  56)                 .FILL x002D
(3042) 004C  0000000001001100 (  56)                 .FILL x004C
(3043) 0061  0000000001100001 (  56)                 .FILL x0061
(3044) 0074  0000000001110100 (  56)                 .FILL x0074
(3045) 0069  0000000001101001 (  56)                 .FILL x0069
(3046) 006E  0000000001101110 (  56)                 .FILL x006E
(3047) 0020  0000000000100000 (  56)                 .FILL x0020
(3048) 0057  0000000001010111 (  56)                 .FILL x0057
(3049) 006F  0000000001101111 (  56)                 .FILL x006F
(304A) 0072  0000000001110010 (  56)                 .FILL x0072
(304B) 0064  0000000001100100 (  56)                 .FILL x0064
(304C) 003A  0000000000111010 (  56)                 .FILL x003A
(304D) 0020  0000000000100000 (  56)                 .FILL x0020
(304E) 0000  0000000000000000 (  56)                 .FILL x0000
