(0000) 3000  0011000000000000 (  14)                 .ORIG x3000
(3000) 5020  0101000000100000 (  15) START           AND   R0 R0 #0
(3001) 5260  0101001001100000 (  16)                 AND   R1 R1 #0
(3002) 54A0  0101010010100000 (  17)                 AND   R2 R2 #0
(3003) E618  1110011000011000 (  18)                 LEA   R3 WORD
(3004) E02E  1110000000101110 (  22)                 LEA   R0 PROMPT
(3005) F022  1111000000100010 (  23)                 TRAP  x22
(3006) F020  1111000000100000 (  25) LOOP            TRAP  x20
(3007) F021  1111000000100001 (  26)                 TRAP  x21
(3008) 1236  0001001000110110 (  27)                 ADD   R1 R0 #-10
(3009) 0403  0000010000000011 (  28)                 BRZ   NEXT
(300A) 70C0  0111000011000000 (  29)                 STR   R0 R3 #0
(300B) 16E1  0001011011100001 (  30)                 ADD   R3 R3 #1
(300C) 0FF9  0000111111111001 (  31)                 BRNZP LOOP
(300D) 70C0  0111000011000000 (  33) NEXT            STR   R0 R3 #0
(300E) 16E1  0001011011100001 (  34)                 ADD   R3 R3 #1
(300F) 76C0  0111011011000000 (  35)                 STR   R3 R3 #0
(3010) E031  1110000000110001 (  38)                 LEA   R0 PROMPT2
(3011) F022  1111000000100010 (  39)                 TRAP  x22
(3012) E009  1110000000001001 (  40)                 LEA   R0 WORD
(3013) 1021  0001000000100001 (  41)                 ADD   R0 R0 #1
(3014) F022  1111000000100010 (  42)                 TRAP  x22
(3015) E006  1110000000000110 (  44)                 LEA   R0 WORD
(3016) 6000  0110000000000000 (  45)                 LDR   R0 R0 #0
(3017) F021  1111000000100001 (  46)                 TRAP  x21
(3018) E017  1110000000010111 (  47)                 LEA   R0 Ay
(3019) F022  1111000000100010 (  48)                 TRAP  x22
(301A) 0FE5  0000111111100101 (  50)                 BRNZP START
(301B) F025  1111000000100101 (  52)                 TRAP  x25
(301C) 0000  0000000000000000 (  55) WORD            .FILL x0000
(301D) 0000  0000000000000000 (  55)                 .FILL x0000
(301E) 0000  0000000000000000 (  55)                 .FILL x0000
(301F) 0000  0000000000000000 (  55)                 .FILL x0000
(3020) 0000  0000000000000000 (  55)                 .FILL x0000
(3021) 0000  0000000000000000 (  55)                 .FILL x0000
(3022) 0000  0000000000000000 (  55)                 .FILL x0000
(3023) 0000  0000000000000000 (  55)                 .FILL x0000
(3024) 0000  0000000000000000 (  55)                 .FILL x0000
(3025) 0000  0000000000000000 (  55)                 .FILL x0000
(3026) 0000  0000000000000000 (  55)                 .FILL x0000
(3027) 0000  0000000000000000 (  55)                 .FILL x0000
(3028) 0000  0000000000000000 (  55)                 .FILL x0000
(3029) 0000  0000000000000000 (  55)                 .FILL x0000
(302A) 0000  0000000000000000 (  55)                 .FILL x0000
(302B) 0000  0000000000000000 (  55)                 .FILL x0000
(302C) 0000  0000000000000000 (  55)                 .FILL x0000
(302D) 0000  0000000000000000 (  55)                 .FILL x0000
(302E) 0000  0000000000000000 (  55)                 .FILL x0000
(302F) 0000  0000000000000000 (  55)                 .FILL x0000
(3030) 0061  0000000001100001 (  55) Ay              .FILL x0061
(3031) 0079  0000000001111001 (  55)                 .FILL x0079
(3032) 0000  0000000000000000 (  55)                 .FILL x0000
(3033) 0045  0000000001000101 (  56) PROMPT          .FILL x0045
(3034) 006E  0000000001101110 (  56)                 .FILL x006E
(3035) 0067  0000000001100111 (  56)                 .FILL x0067
(3036) 006C  0000000001101100 (  56)                 .FILL x006C
(3037) 0069  0000000001101001 (  56)                 .FILL x0069
(3038) 0073  0000000001110011 (  56)                 .FILL x0073
(3039) 0068  0000000001101000 (  56)                 .FILL x0068
(303A) 0020  0000000000100000 (  56)                 .FILL x0020
(303B) 0057  0000000001010111 (  56)                 .FILL x0057
(303C) 006F  0000000001101111 (  56)                 .FILL x006F
(303D) 0072  0000000001110010 (  56)                 .FILL x0072
(303E) 0064  0000000001100100 (  56)                 .FILL x0064
(303F) 003A  0000000000111010 (  56)                 .FILL x003A
(3040) 0020  0000000000100000 (  56)                 .FILL x0020
(3041) 0000  0000000000000000 (  56)                 .FILL x0000
(3042) 0050  0000000001010000 (  57) PROMPT2         .FILL x0050
(3043) 0069  0000000001101001 (  57)                 .FILL x0069
(3044) 0067  0000000001100111 (  57)                 .FILL x0067
(3045) 002D  0000000000101101 (  57)                 .FILL x002D
(3046) 004C  0000000001001100 (  57)                 .FILL x004C
(3047) 0061  0000000001100001 (  57)                 .FILL x0061
(3048) 0074  0000000001110100 (  57)                 .FILL x0074
(3049) 0069  0000000001101001 (  57)                 .FILL x0069
(304A) 006E  0000000001101110 (  57)                 .FILL x006E
(304B) 0020  0000000000100000 (  57)                 .FILL x0020
(304C) 0057  0000000001010111 (  57)                 .FILL x0057
(304D) 006F  0000000001101111 (  57)                 .FILL x006F
(304E) 0072  0000000001110010 (  57)                 .FILL x0072
(304F) 0064  0000000001100100 (  57)                 .FILL x0064
(3050) 003A  0000000000111010 (  57)                 .FILL x003A
(3051) 0020  0000000000100000 (  57)                 .FILL x0020
(3052) 0000  0000000000000000 (  57)                 .FILL x0000
